0 info it worked if it ends with ok
1 verbose cli [ 'C:\\Program Files\\nodejs\\node.exe',
1 verbose cli   'C:\\Program Files\\nodejs\\node_modules\\npm\\bin\\npm-cli.js',
1 verbose cli   'unpublish',
1 verbose cli   '@flipdish/api-client-typescript',
1 verbose cli   '--force' ]
2 info using npm@3.9.3
3 info using node@v6.2.1
4 warn using --force I sure hope you know what you are doing.
5 silly unpublish args[0] @flipdish/api-client-typescript
6 silly unpublish thing Result {
6 silly unpublish   raw: '@flipdish/api-client-typescript',
6 silly unpublish   scope: '@flipdish',
6 silly unpublish   name: '@flipdish/api-client-typescript',
6 silly unpublish   rawSpec: '',
6 silly unpublish   spec: 'latest',
6 silly unpublish   type: 'tag' }
7 verbose getPublishConfig null
8 silly ls normalized @flipdish\api-client-typescript
9 silly gentlyRm C:\Users\Tamas Kovacs\AppData\Roaming\npm-cache\@flipdish\api-client-typescript is being purged
10 verbose gentlyRm don't care about contents; nuking C:\Users\Tamas Kovacs\AppData\Roaming\npm-cache\@flipdish\api-client-typescript
11 silly vacuum-fs purging C:\Users\Tamas Kovacs\AppData\Roaming\npm-cache\@flipdish\api-client-typescript
12 silly vacuum-fs quitting because other entries in C:\Users\Tamas Kovacs\AppData\Roaming\npm-cache\@flipdish
13 silly mapToRegistry name @flipdish/api-client-typescript
14 silly mapToRegistry scope (from package name) @flipdish
15 verbose mapToRegistry no registry URL found in name for scope @flipdish
16 silly mapToRegistry using default registry
17 silly mapToRegistry registry https://registry.npmjs.org/
18 silly mapToRegistry data Result {
18 silly mapToRegistry   raw: '@flipdish/api-client-typescript',
18 silly mapToRegistry   scope: '@flipdish',
18 silly mapToRegistry   name: '@flipdish/api-client-typescript',
18 silly mapToRegistry   rawSpec: '',
18 silly mapToRegistry   spec: 'latest',
18 silly mapToRegistry   type: 'tag' }
19 silly mapToRegistry uri https://registry.npmjs.org/@flipdish%2fapi-client-typescript
20 verbose get GET as part of write; not caching result
21 verbose request uri https://registry.npmjs.org/@flipdish%2fapi-client-typescript?write=true
22 verbose request no auth needed
23 info attempt registry request try #1 at 2:02:56 PM
24 verbose request using bearer token for auth
25 verbose request id 94e7637e55071180
26 http request GET https://registry.npmjs.org/@flipdish%2fapi-client-typescript?write=true
27 http 200 https://registry.npmjs.org/@flipdish%2fapi-client-typescript?write=true
28 verbose headers { server: 'CouchDB/1.5.0 (Erlang OTP/R16B03)',
28 verbose headers   'content-type': 'application/json',
28 verbose headers   etag: '"5a5f576c-1d2"',
28 verbose headers   'content-encoding': 'gzip',
28 verbose headers   'cache-control': 'max-age=0',
28 verbose headers   'transfer-encoding': 'chunked',
28 verbose headers   'accept-ranges': 'bytes',
28 verbose headers   date: 'Wed, 17 Jan 2018 14:02:59 GMT',
28 verbose headers   via: '1.1 varnish',
28 verbose headers   connection: 'keep-alive',
28 verbose headers   'x-served-by': 'cache-lhr6341-LHR',
28 verbose headers   'x-cache': 'MISS',
28 verbose headers   'x-cache-hits': '0',
28 verbose headers   'x-timer': 'S1516197778.961845,VS0,VE1929',
28 verbose headers   vary: 'Accept-Encoding' }
29 silly get cb [ 200,
29 silly get   { server: 'CouchDB/1.5.0 (Erlang OTP/R16B03)',
29 silly get     'content-type': 'application/json',
29 silly get     etag: '"5a5f576c-1d2"',
29 silly get     'content-encoding': 'gzip',
29 silly get     'cache-control': 'max-age=0',
29 silly get     'transfer-encoding': 'chunked',
29 silly get     'accept-ranges': 'bytes',
29 silly get     date: 'Wed, 17 Jan 2018 14:02:59 GMT',
29 silly get     via: '1.1 varnish',
29 silly get     connection: 'keep-alive',
29 silly get     'x-served-by': 'cache-lhr6341-LHR',
29 silly get     'x-cache': 'MISS',
29 silly get     'x-cache-hits': '0',
29 silly get     'x-timer': 'S1516197778.961845,VS0,VE1929',
29 silly get     vary: 'Accept-Encoding' } ]
30 verbose get saving @flipdish/api-client-typescript to C:\Users\Tamas Kovacs\AppData\Roaming\npm-cache\registry.npmjs.org\_40flipdish_252fapi-client-typescript_3Fwrite_3Dtrue\.cache.json
31 verbose correctMkdir C:\Users\Tamas Kovacs\AppData\Roaming\npm-cache correctMkdir not in flight; initializing
32 info unpublish No version specified, removing all
33 verbose request uri https://registry.npmjs.org/@flipdish%2fapi-client-typescript/-rev/3-45d046989659c624d60613f4e8bc52aa
34 verbose request sending authorization for write operation
35 info attempt registry request try #1 at 2:02:58 PM
36 verbose request using bearer token for auth
37 http request DELETE https://registry.npmjs.org/@flipdish%2fapi-client-typescript/-rev/3-45d046989659c624d60613f4e8bc52aa
38 http 503 https://registry.npmjs.org/@flipdish%2fapi-client-typescript/-rev/3-45d046989659c624d60613f4e8bc52aa
39 verbose bad json <?xml version="1.0" encoding="utf-8"?>
39 verbose bad json <!DOCTYPE html PUBLIC "-//W3C//DTD XHTML 1.0 Strict//EN"
39 verbose bad json  "http://www.w3.org/TR/xhtml1/DTD/xhtml1-strict.dtd">
39 verbose bad json <html>
39 verbose bad json   <head>
39 verbose bad json     <title>503 first byte timeout</title>
39 verbose bad json   </head>
39 verbose bad json   <body>
39 verbose bad json     <h1>Error 503 first byte timeout</h1>
39 verbose bad json     <p>first byte timeout</p>
39 verbose bad json     <h3>Guru Mediation:</h3>
39 verbose bad json     <p>Details: cache-lhr6341-LHR 1516197811 2959378956</p>
39 verbose bad json     <hr>
39 verbose bad json     <p>Varnish cache server</p>
39 verbose bad json   </body>
39 verbose bad json </html>
40 error registry error parsing json
41 verbose headers { server: 'Varnish',
41 verbose headers   'retry-after': '0',
41 verbose headers   'content-type': 'text/html; charset=utf-8',
41 verbose headers   'content-length': '448',
41 verbose headers   'accept-ranges': 'bytes',
41 verbose headers   date: 'Wed, 17 Jan 2018 14:03:31 GMT',
41 verbose headers   via: '1.1 varnish',
41 verbose headers   connection: 'close',
41 verbose headers   'x-served-by': 'cache-lhr6341-LHR',
41 verbose headers   'x-cache': 'MISS',
41 verbose headers   'x-cache-hits': '0',
41 verbose headers   'x-timer': 'S1516197780.935860,VS0,VE31069' }
42 info retry will retry, error on last attempt: SyntaxError: Unexpected token < in JSON at position 1
42 info retry
42 info retry <?xml version="1.0" encoding="utf-8"?>
42 info retry <!DOCTYPE html PUBLIC "-//W3C//DTD XHTML 1.0 Strict//EN"
42 info retry  "http://www.w3.org/TR/xhtml1/DTD/xhtml1-strict.dtd">
42 info retry <html>
42 info retry   <head>
42 info retry     <title>503 first byte timeout</title>
42 info retry   </head>
42 info retry   <body>
42 info retry     <h1>Error 503 first byte timeout</h1>
42 info retry     <p>first byte timeout</p>
42 info retry     <h3>Guru Mediation:</h3>
42 info retry     <p>Details: cache-lhr6341-LHR 1516197811 2959378956</p>
42 info retry     <hr>
42 info retry     <p>Varnish cache server</p>
42 info retry   </body>
42 info retry </html>
43 info attempt registry request try #2 at 2:03:39 PM
44 verbose request using bearer token for auth
45 http request DELETE https://registry.npmjs.org/@flipdish%2fapi-client-typescript/-rev/3-45d046989659c624d60613f4e8bc52aa
46 http 404 https://registry.npmjs.org/@flipdish%2fapi-client-typescript/-rev/3-45d046989659c624d60613f4e8bc52aa
47 verbose headers { 'content-type': 'application/json',
47 verbose headers   'cache-control': 'max-age=0',
47 verbose headers   'content-length': '21',
47 verbose headers   'accept-ranges': 'bytes',
47 verbose headers   date: 'Wed, 17 Jan 2018 14:03:41 GMT',
47 verbose headers   via: '1.1 varnish',
47 verbose headers   connection: 'keep-alive',
47 verbose headers   'x-served-by': 'cache-lhr6333-LHR',
47 verbose headers   'x-cache': 'MISS',
47 verbose headers   'x-cache-hits': '0',
47 verbose headers   'x-timer': 'S1516197821.191796,VS0,VE622' }
48 verbose request invalidating C:\Users\Tamas Kovacs\AppData\Roaming\npm-cache\registry.npmjs.org\_40flipdish_252fapi-client-typescript on DELETE
49 verbose stack Error: Not found : @flipdish/api-client-typescript
49 verbose stack     at makeError (C:\Program Files\nodejs\node_modules\npm\node_modules\npm-registry-client\lib\request.js:264:12)
49 verbose stack     at CachingRegistryClient.<anonymous> (C:\Program Files\nodejs\node_modules\npm\node_modules\npm-registry-client\lib\request.js:252:14)
49 verbose stack     at Request._callback (C:\Program Files\nodejs\node_modules\npm\node_modules\npm-registry-client\lib\request.js:172:14)
49 verbose stack     at Request.self.callback (C:\Program Files\nodejs\node_modules\npm\node_modules\request\request.js:200:22)
49 verbose stack     at emitTwo (events.js:106:13)
49 verbose stack     at Request.emit (events.js:191:7)
49 verbose stack     at Request.<anonymous> (C:\Program Files\nodejs\node_modules\npm\node_modules\request\request.js:1067:10)
49 verbose stack     at emitOne (events.js:101:20)
49 verbose stack     at Request.emit (events.js:188:7)
49 verbose stack     at IncomingMessage.<anonymous> (C:\Program Files\nodejs\node_modules\npm\node_modules\request\request.js:988:12)
50 verbose statusCode 404
51 verbose pkgid @flipdish/api-client-typescript
52 verbose cwd C:\git\bytes\api-client-typescript
53 error Windows_NT 10.0.16299
54 error argv "C:\\Program Files\\nodejs\\node.exe" "C:\\Program Files\\nodejs\\node_modules\\npm\\bin\\npm-cli.js" "unpublish" "@flipdish/api-client-typescript" "--force"
55 error node v6.2.1
56 error npm  v3.9.3
57 error code E404
58 error 404 Not found : @flipdish/api-client-typescript
59 error 404
60 error 404 '@flipdish/api-client-typescript' is not in the npm registry.
61 error 404 You should bug the author to publish it (or use the name yourself!)
62 error 404 Note that you can also install from a
63 error 404 tarball, folder, http url, or git url.
64 verbose exit [ 1, true ]
